 STAGE No, ROW No, No. BLADES           1           1          39
 STAGE No, ROW No, No. BLADES           1           2         112

 *****************************************************
  CONDITIONS FOR THE FIRST BLADE ROW OF THE STAGE. 
  THIS IS A COMPRESSOR ROTOR
 *****************************************************
 FIRST BLADE INLET AND EXIT ANGLES   -61.0452957      -44.2477417    
  FIRST BLADE AXIAL VELOCITY        2.39613914    
  FIRST BLADE INLET MACH NUMBER     1.42986309E-02
  FIRST BLADE EXIT MACH NUMBER      9.66336671E-03
  FIRST BLADE EXIT DENSITY          1.18391085    
  FIRST BLADE EXIT PRESSURE         1.01328564    
  FIRST BLADE INLET STAGN PRESS     1.01324987    
  FIRST BLADE EXIT STAGN PRESS      1.01333606    
  FIRST BLADE REL INLET STAG PRES   1.01336026    
  FIRST BLADE EXIT TEMPERATURE      298.153717    
  FIRST BLADE EXIT STAGN TEMP       298.157928    
  FIRST BLADE TIP RADIUS =          10.9198904    
  FIRST BLADE INLET SPAN =          21.0392838    
  FIRST BLADE AXIAL CHORD=          5.00000007E-02
  FIRST BLADE ASPECT RATIO =        420.785675    

 *****************************************************
  CONDITIONS FOR THE SECOND BLADE ROW OF THE STAGE.
  THIS IS A COMPRESSOR STATOR
 *****************************************************
  SECOND BLADE INLET AND EXIT ANGLES    34.7060280      -8.01152039    
  SECOND BLADE AXIAL VELOCITY       2.39613914    
  SECOND BLADE INLET MACH NUMBER    8.42025224E-03
  SECOND BLADE EXIT MACH NUMBER     6.99036894E-03
  SECOND BLADE DENSITY              1.18391418    
  SECOND BLADE EXIT PRESSURE        1.01329291    
  SECOND BLADE INLET STAGN PRES.    1.01333606    
  SECOND BLADE REL INLET STAG PR.   1.01333606    
  SECOND BLADE ROW EXIT STAG PRES   1.01332760    
  SECOND BLADE TEMPERATURE          298.154999    
  SECOND BLADE STAGN EXIT TEMP.     298.157928    
  SECOND BLADE TIP RADIUS =         10.9193640    
  SECOND BLADE EXIT SPAN =          21.0387573    
  SECOND BLADE AXIAL CHORD =        4.99999970E-02
  SECOND BLADE ASPECT RATIO=        420.775177    
 *****************************************************
 *****************************************************

  THE RADII THROUGH THE STAGE ARE -  
ROW 1 HUB RADIUS -10.1199  ROW 1 TIP RADIUS  10.9199  ROW 2 HUB RADIUS -10.1194  ROW 2 TIP RADIUS  10.9194


