C                        TURBO_TYP,"C" FOR A COMPRESSOR,"T" FOR A TURBINE
AXI                      FLO_TYP FOR AXIAL OR MIXED FLOW MACHINE 
   287.060     1.400     GAS PROPERTOES, RGAS, GAMMA 
     1.013   298.150     POIN,  TOIN 
    1                    NUMBER OF STAGES IN THE MACHINE 
M                        CHOICE OF DESIGN POINT RADIUS, HUB, MID or TIP
    5690.152             ROTATION SPEED, RPM 
     150.000             MASS FLOW RATE, FLOWIN. 
A                        INTYPE, TO CHOOSE THE METHOD OF DEFINING THE VELOCITY TRIANGLES
  0.834  0.600  0.500    REACTION, FLOW COEFF., LOADING COEFF.
A                        RADTYPE, TO CHOOSE THE DESIGN POINT RADIUS
       0.400             THE DESIGN POINT RADIUS 
       0.050       0.050 BLADE AXIAL CHORDS IN METRES.
       0.100       0.100 ROW GAP  AND STAGE GAP 
   0.00000   0.00000     BLOCKAGE FACTORS, FBLOCK_LE,  FBLOCK_TE 
       0.822             GUESS OF THE STAGE ISENTROPIC EFFICIENCY
  -4.813 -22.492         ESTIMATE OF THE FIRST AND SECOND ROW DEVIATION ANGLES
   1.303  14.918         FIRST AND SECOND ROW INCIDENCE ANGLES
   1.00000               BLADE TWIST OPTION, FRAC_TWIST
N                        BLADE ROTATION OPTION , Y or N
  90.000  90.000         QO ANGLES AT LE  AND TE OF ROW 1 
  90.000  90.000         QO ANGLES AT LE  AND TE OF ROW 2 
N                        DO YOU WANT TO CHANGE THE ANGLES FOR THIS STAGE ? "Y" or "N"
Y                        IS OUTPUT REQUESTED FOR ALL BLADE ROWS ? 
Y    ROTOR No.   1 SET ANSTK = "Y" TO USE THE SAME  BLADE SECTIONS AS THE LAST STAGE
Y    STATOR No.  1 SET ANSTK = "Y" TO USE THE SAME  BLADE SECTIONS AS THE LAST STAGE
